<?xml version="1.0" encoding="UTF-8"?>
<testsuite xmlns:xsi="http://www.w3.org/2001/XMLSchema-instance" xsi:noNamespaceSchemaLocation="https://maven.apache.org/surefire/maven-surefire-plugin/xsd/surefire-test-report-3.0.xsd" version="3.0" name="com.ProyectoKarentDeportes.karent.app.ProyectoKarentDeportesApplicationTests" time="6.105" tests="1" errors="0" skipped="0" failures="0">
  <properties>
[...]
</properties>
  <testcase name="contextLoads" classname="com.ProyectoKarentDeportes.karent.app.ProyectoKarentDeportesApplicationTests" time="0.629">
    <system-out><![CDATA[20:54:02.054 [main] INFO org.springframework.test.context.support.AnnotationConfigContextLoaderUtils -- Could not detect default configuration classes for test class [com.ProyectoKarentDeportes.karent.app.ProyectoKarentDeportesApplicationTests]: ProyectoKarentDeportesApplicationTests does not declare any static, non-private, non-final, nested classes annotated with @Configuration.
20:54:02.166 [main] INFO org.springframework.boot.test.context.SpringBootTestContextBootstrapper -- Found @SpringBootConfiguration com.ProyectoKarentDeportes.karent.app.ProyectoKarentDeportesApplication for test class com.ProyectoKarentDeportes.karent.app.ProyectoKarentDeportesApplicationTests
20:54:02.362 [main] INFO org.springframework.boot.devtools.restart.RestartApplicationListener -- Restart disabled due to context in which it is running

  .   ____          _            __ _ _
 /\\ / ___'_ __ _ _(_)_ __  __ _ \ \ \ \
( ( )\___ | '_ | '_| | '_ \/ _` | \ \ \ \
 \\/  ___)| |_)| | | | | || (_| |  ) ) ) )
  '  |____| .__|_| |_|_| |_\__, | / / / /
 =========|_|==============|___/=/_/_/_/

 :: Spring Boot ::                (v3.3.4)

2024-09-24T20:54:02.651-05:00  INFO 11476 --- [ProyectoKarentDeportes] [           main] a.ProyectoKarentDeportesApplicationTests : Starting ProyectoKarentDeportesApplicationTests using Java 17.0.10 with PID 11476 (started by Sebastianjr in D:\Spring Trabajos\ProyectoKarentDeportes)
2024-09-24T20:54:02.653-05:00  INFO 11476 --- [ProyectoKarentDeportes] [           main] a.ProyectoKarentDeportesApplicationTests : No active profile set, falling back to 1 default profile: "default"
2024-09-24T20:54:03.481-05:00  INFO 11476 --- [ProyectoKarentDeportes] [           main] .s.d.r.c.RepositoryConfigurationDelegate : Bootstrapping Spring Data JPA repositories in DEFAULT mode.
2024-09-24T20:54:03.563-05:00  INFO 11476 --- [ProyectoKarentDeportes] [           main] .s.d.r.c.RepositoryConfigurationDelegate : Finished Spring Data repository scanning in 71 ms. Found 5 JPA repository interfaces.
2024-09-24T20:54:04.100-05:00  INFO 11476 --- [ProyectoKarentDeportes] [           main] o.hibernate.jpa.internal.util.LogHelper  : HHH000204: Processing PersistenceUnitInfo [name: default]
2024-09-24T20:54:04.169-05:00  INFO 11476 --- [ProyectoKarentDeportes] [           main] org.hibernate.Version                    : HHH000412: Hibernate ORM core version 6.5.3.Final
2024-09-24T20:54:04.210-05:00  INFO 11476 --- [ProyectoKarentDeportes] [           main] o.h.c.internal.RegionFactoryInitiator    : HHH000026: Second-level cache disabled
2024-09-24T20:54:04.629-05:00  INFO 11476 --- [ProyectoKarentDeportes] [           main] o.s.o.j.p.SpringPersistenceUnitInfo      : No LoadTimeWeaver setup: ignoring JPA class transformer
2024-09-24T20:54:04.667-05:00  INFO 11476 --- [ProyectoKarentDeportes] [           main] com.zaxxer.hikari.HikariDataSource       : HikariPool-1 - Starting...
2024-09-24T20:54:04.873-05:00  INFO 11476 --- [ProyectoKarentDeportes] [           main] com.zaxxer.hikari.pool.HikariPool        : HikariPool-1 - Added connection conn0: url=jdbc:h2:mem:ProyectoKarentDeportes user=KARENT
2024-09-24T20:54:04.875-05:00  INFO 11476 --- [ProyectoKarentDeportes] [           main] com.zaxxer.hikari.HikariDataSource       : HikariPool-1 - Start completed.
2024-09-24T20:54:05.963-05:00  INFO 11476 --- [ProyectoKarentDeportes] [           main] o.h.e.t.j.p.i.JtaPlatformInitiator       : HHH000489: No JTA platform available (set 'hibernate.transaction.jta.platform' to enable JTA platform integration)
2024-09-24T20:54:06.020-05:00  INFO 11476 --- [ProyectoKarentDeportes] [           main] j.LocalContainerEntityManagerFactoryBean : Initialized JPA EntityManagerFactory for persistence unit 'default'
2024-09-24T20:54:06.331-05:00  INFO 11476 --- [ProyectoKarentDeportes] [           main] o.s.d.j.r.query.QueryEnhancerFactory     : Hibernate is in classpath; If applicable, HQL parser will be used.
2024-09-24T20:54:06.872-05:00  INFO 11476 --- [ProyectoKarentDeportes] [           main] o.s.b.a.w.s.WelcomePageHandlerMapping    : Adding welcome page template: index
2024-09-24T20:54:07.259-05:00  INFO 11476 --- [ProyectoKarentDeportes] [           main] o.s.b.a.h2.H2ConsoleAutoConfiguration    : H2 console available at '/h2-console'. Database available at 'jdbc:h2:mem:ProyectoKarentDeportes'
2024-09-24T20:54:07.318-05:00  INFO 11476 --- [ProyectoKarentDeportes] [           main] a.ProyectoKarentDeportesApplicationTests : Started ProyectoKarentDeportesApplicationTests in 4.97 seconds (process running for 6.291)
]]></system-out>
  </testcase>
</testsuite>